\BOOKMARK [0][-]{chapter.1}{Resumo}{}% 1
\BOOKMARK [0][-]{chapter.2}{Introdu\347\343o}{}% 2
\BOOKMARK [0][-]{chapter.3}{Hist\363ria}{}% 3
\BOOKMARK [1][-]{section.3.1}{1981}{chapter.3}% 4
\BOOKMARK [1][-]{section.3.2}{1985}{chapter.3}% 5
\BOOKMARK [1][-]{section.3.3}{1994}{chapter.3}% 6
\BOOKMARK [1][-]{section.3.4}{1996}{chapter.3}% 7
\BOOKMARK [1][-]{section.3.5}{1999}{chapter.3}% 8
\BOOKMARK [1][-]{section.3.6}{2007}{chapter.3}% 9
\BOOKMARK [1][-]{section.3.7}{2017}{chapter.3}% 10
\BOOKMARK [0][-]{chapter.4}{Como funcionam os Computadores Qu\342nticos ?}{}% 11
\BOOKMARK [0][-]{chapter.5}{Modelos de Computadores Qu\342nticos}{}% 12
\BOOKMARK [1][-]{section.5.1}{Quantum annealing}{chapter.5}% 13
\BOOKMARK [1][-]{section.5.2}{Modelo de CQ topol\363gico}{chapter.5}% 14
\BOOKMARK [1][-]{section.5.3}{CQ adiab\341tico}{chapter.5}% 15
\BOOKMARK [1][-]{section.5.4}{Modelo do Circuito Qu\342ntico}{chapter.5}% 16
\BOOKMARK [0][-]{chapter.6}{Implementa\347\365es F\355sicas de Computadores Qu\342nticos}{}% 17
\BOOKMARK [1][-]{section.6.1}{CQ \340 base de supercondutores}{chapter.6}% 18
\BOOKMARK [1][-]{section.6.2}{CQ de i\365es presos}{chapter.6}% 19
\BOOKMARK [1][-]{section.6.3}{CQ \340 base de uma rede \363tica}{chapter.6}% 20
\BOOKMARK [1][-]{section.6.4}{CQ \340 base de diamante}{chapter.6}% 21
\BOOKMARK [0][-]{chapter.7}{Seguran\347a}{}% 22
\BOOKMARK [0][-]{chapter.8}{D-Wave}{}% 23
\BOOKMARK [1][-]{section.8.1}{Sobre}{chapter.8}% 24
\BOOKMARK [1][-]{section.8.2}{Controv\351rsia}{chapter.8}% 25
\BOOKMARK [0][-]{chapter.9}{Compara\347\343o}{}% 26
\BOOKMARK [1][-]{section.9.1}{Consumo de energia}{chapter.9}% 27
\BOOKMARK [1][-]{section.9.2}{Velocidade de processamento}{chapter.9}% 28
\BOOKMARK [1][-]{section.9.3}{Uso pessoal}{chapter.9}% 29
\BOOKMARK [0][-]{chapter.10}{Conclus\343o}{}% 30
\BOOKMARK [0][-]{chapter.11}{Agradecimentos}{}% 31
\BOOKMARK [0][-]{chapter.12}{Contribui\347\365es dos autores}{}% 32
\BOOKMARK [0][-]{chapter.13}{Acr\363nimos}{}% 33
\BOOKMARK [0][-]{chapter.14}{Bibliografia}{}% 34
